C51 COMPILER V9.60.7.0   MAIN                                                              08/13/2025 00:14:01 PAGE 1   


C51 COMPILER V9.60.7.0, COMPILATION OF MODULE MAIN
OBJECT MODULE PLACED IN .\Objects\main.obj
COMPILER INVOKED BY: E:\KeilC51\C51\BIN\C51.EXE main.c OPTIMIZE(8,SPEED) BROWSE DEBUG OBJECTEXTEND PRINT(.\Listings\main
                    -.lst) OBJECT(.\Objects\main.obj)

line level    source

   1          #include "reg52.h"
   2          
   3          typedef unsigned int u16;
   4          typedef unsigned char u8;
   5          
   6          sbit buzzer = P2^5;
   7          
   8          void delay_10us(u16 ten_us)
   9          {
  10   1              while(ten_us--);
  11   1      }
  12          
  13          void main()
  14          {
  15   1              u16 high_time;
  16   1              u16 delay_times;
  17   1              while(1)
  18   1              {       
  19   2                      for(high_time=0;high_time<501;high_time+=5)
  20   2                      {
  21   3                              delay_times = 5;
  22   3                              while(delay_times--)
  23   3                                      {
  24   4                                      buzzer = 1;
  25   4                                      delay_10us(high_time);
  26   4                                      buzzer = 0;
  27   4                                      delay_10us(500-high_time);
  28   4                                      }
  29   3                      }
  30   2                      for(high_time=0;high_time<501;high_time+=5)
  31   2                      {
  32   3                              delay_times = 5;
  33   3                              while(delay_times--)
  34   3                                      {
  35   4                                      buzzer = 1;
  36   4                                      delay_10us(500-high_time);
  37   4                                      buzzer = 0;
  38   4                                      delay_10us(high_time);
  39   4                                      }
  40   3                      }
  41   2              }
  42   1      }


MODULE INFORMATION:   STATIC OVERLAYABLE
   CODE SIZE        =    138    ----
   CONSTANT SIZE    =   ----    ----
   XDATA SIZE       =   ----    ----
   PDATA SIZE       =   ----    ----
   DATA SIZE        =   ----    ----
   IDATA SIZE       =   ----    ----
   BIT SIZE         =   ----    ----
END OF MODULE INFORMATION.


C51 COMPILATION COMPLETE.  0 WARNING(S),  0 ERROR(S)
