C51 COMPILER V9.01   MAIN                                                                  02/18/2022 14:26:57 PAGE 1   


C51 COMPILER V9.01, COMPILATION OF MODULE MAIN
OBJECT MODULE PLACED IN main.OBJ
COMPILER INVOKED BY: E:\Keil\C51\BIN\C51.EXE main.c BROWSE DEBUG OBJECTEXTEND

line level    source

   1          #include "reg52.h"
   2          
   3          typedef unsigned int u16;
   4          typedef unsigned char u8;
   5          
   6          #define KEY_PORT P0
   7          #define SMG_PORT P1
   8          
   9          u8 gsmg_code[17]={0x3f,0x06,0x5b,0x4f,0x66,0x6d,0x7d,0x07,
  10                                          0x7f,0x6f,0x77,0x7c,0x39,0x5e,0x79,0x71};       
  11          
  12          void delay_10us(u16 time)
  13          {
  14   1              while(time--);
  15   1      }
  16          
  17          u8 key_scan(void)
  18          {
  19   1              static u8 key_value=0;
  20   1              KEY_PORT = 0x0f;
  21   1              if(KEY_PORT!=0x0f)
  22   1              {
  23   2                      delay_10us(1000);
  24   2                      if(KEY_PORT!=0x0f)
  25   2                      {
  26   3                              KEY_PORT = 0x0f;
  27   3                              switch(KEY_PORT)
  28   3                              {
  29   4                                      case 0x07: key_value=1;break;
  30   4                                      case 0x0b: key_value=2;break;
  31   4                                      case 0x0d: key_value=3;break;
  32   4                                      case 0x0e: key_value=4;break;
  33   4                              }
  34   3                              KEY_PORT = 0xf0;
  35   3                              switch(KEY_PORT)
  36   3                              {
  37   4                                      case 0x70: key_value=key_value;break;
  38   4                                      case 0xb0: key_value=key_value+4;break;
  39   4                                      case 0xd0: key_value=key_value+8;break;
  40   4                                      case 0xe0: key_value=key_value+12;break;
  41   4                              }
  42   3                              while(KEY_PORT!=0xf0);
  43   3                      }
  44   2              }
  45   1              else
  46   1                      key_value = 0;
  47   1              return key_value;
  48   1      
  49   1      }
  50          
  51          void main()
  52          {
  53   1         u8 key=0;
  54   1      
  55   1         while(1)
C51 COMPILER V9.01   MAIN                                                                  02/18/2022 14:26:57 PAGE 2   

  56   1         {
  57   2                      key = key_scan();
  58   2                      if(key!=0)
  59   2                              SMG_PORT=gsmg_code[key-1];
  60   2         }
  61   1      }                                                  


MODULE INFORMATION:   STATIC OVERLAYABLE
   CODE SIZE        =    143    ----
   CONSTANT SIZE    =   ----    ----
   XDATA SIZE       =   ----    ----
   PDATA SIZE       =   ----    ----
   DATA SIZE        =     18    ----
   IDATA SIZE       =   ----    ----
   BIT SIZE         =   ----    ----
END OF MODULE INFORMATION.


C51 COMPILATION COMPLETE.  0 WARNING(S),  0 ERROR(S)
