C51 COMPILER V9.01   LCD1602                                                               03/02/2022 09:16:53 PAGE 1   


C51 COMPILER V9.01, COMPILATION OF MODULE LCD1602
OBJECT MODULE PLACED IN lcd1602.OBJ
COMPILER INVOKED BY: E:\Keil\C51\BIN\C51.EXE lcd1602.c BROWSE DEBUG OBJECTEXTEND

line level    source

   1          #include "lcd1602.h"
   2          
   3          typedef unsigned int u16;
   4          typedef unsigned char u8;
   5          
   6          //1ms延时
   7          void delay_ms(u16 ms)
   8          {
   9   1              u16 i,j;
  10   1              for(i=ms;i>0;i--)
  11   1                      for(j=110;j>0;j--);
  12   1      }
  13          
  14          //LCD 写命令
  15          void lcd_write_cmd(u8 cmd)
  16          {
  17   1              LCD_RS=0;//选择命令
  18   1              LCD_EA=0;
  19   1              LCD_DATAPORT=cmd;//准备命令
  20   1              delay_ms(1);
  21   1              LCD_EA=1;//上升沿写入
  22   1              delay_ms(1);
  23   1              LCD_EA=0;//下降沿完成写入       
  24   1      }
  25          
  26          //LCD 写数据
  27          void lcd_write_data(u8 dat) 
  28          {
  29   1              LCD_RS=1;//选择数据
  30   1              LCD_EA=0;
  31   1              LCD_DATAPORT=dat;//准备数据
  32   1              delay_ms(1);
  33   1              LCD_EA=1;//上升沿写入
  34   1              delay_ms(1);
  35   1              LCD_EA=0;//下降沿完成写入               
  36   1      }
  37          
  38          //LCD 初始化
  39          void lcd_init(void)
  40          {
  41   1              lcd_write_cmd(0x38);//数据总线8位，显示2行，5*7点阵/字符
  42   1              lcd_write_cmd(0x0c);//显示功能开，无光标，光标闪烁
  43   1              lcd_write_cmd(0x06);//写入新数据后光标右移，显示屏不移动
  44   1              lcd_write_cmd(0x01);//清屏      
  45   1      }
  46          
  47          //LCD 清屏
  48          void lcd_clear(void)
  49          {
  50   1              lcd_write_cmd(0x01);    
  51   1      }
  52          
  53          //LCD显示字符
  54          //x,y：显示坐标，x=0~15，y=0~1;
  55          //str：显示字符串
C51 COMPILER V9.01   LCD1602                                                               03/02/2022 09:16:53 PAGE 2   

  56          
  57          void lcd_show_string(u8 x,u8 y,u8 *str)
  58          {
  59   1              u8 i=0;
  60   1      
  61   1              if(y>1||x>15)return;//行列参数不对则强制退出
  62   1      
  63   1              if(y<1) //第1行显示
  64   1              {       
  65   2                      while(*str!='\0')
  66   2                      {
  67   3                              if(i<16-x)//如果字符长度超过第一行显示范围，则在第二行继续显示
  68   3                              {
  69   4                                      lcd_write_cmd(0x80+i+x);//第一行显示地址设置    
  70   4                              }
  71   3                              else
  72   3                              {
  73   4                                      lcd_write_cmd(0x40+0x80+i+x-16);//第二行显示地址设置    
  74   4                              }
  75   3                              lcd_write_data(*str);//显示内容
  76   3                              str++;
  77   3                              i++;    
  78   3                      }       
  79   2              }
  80   1              else    //第2行显示
  81   1              {
  82   2                      while(*str!='\0')
  83   2                      {
  84   3                              if(i<16-x) //如果字符长度超过第二行显示范围，则在第一行继续显示
  85   3                              {
  86   4                                      lcd_write_cmd(0x80+0x40+i+x);   
  87   4                              }
  88   3                              else
  89   3                              {
  90   4                                      lcd_write_cmd(0x80+i+x-16);     
  91   4                              }
  92   3                              lcd_write_data(*str);
  93   3                              str++;
  94   3                              i++;    
  95   3                      }       
  96   2              }                               
  97   1      }


MODULE INFORMATION:   STATIC OVERLAYABLE
   CODE SIZE        =    214    ----
   CONSTANT SIZE    =   ----    ----
   XDATA SIZE       =   ----    ----
   PDATA SIZE       =   ----    ----
   DATA SIZE        =   ----       2
   IDATA SIZE       =   ----    ----
   BIT SIZE         =   ----    ----
END OF MODULE INFORMATION.


C51 COMPILATION COMPLETE.  0 WARNING(S),  0 ERROR(S)
