C51 COMPILER V9.01   MAIN                                                                  03/02/2022 09:16:53 PAGE 1   


C51 COMPILER V9.01, COMPILATION OF MODULE MAIN
OBJECT MODULE PLACED IN main.OBJ
COMPILER INVOKED BY: E:\Keil\C51\BIN\C51.EXE main.c BROWSE DEBUG OBJECTEXTEND

line level    source

   1          #include "reg52.h"
   2          #include "lcd1602.h"
   3          #include "stdlib.h"
   4          
   5          typedef unsigned int uint;
   6          typedef unsigned char uchar;
   7          
   8          //定义L298控制步进电机管脚
   9          sbit IN1_A=P2^0;
  10          sbit IN1_B=P2^1;
  11          sbit IN1_C=P2^2;
  12          sbit IN1_D=P2^3;
  13          
  14          //定义独立按键控制脚
  15          sbit KEY_0=P1^0;
  16          sbit KEY_1=P1^1;
  17          sbit KEY_2=P1^2;
  18          sbit KEY_3=P1^3;
  19          sbit KEY_4=P1^4;
  20          sbit KEY_5=P1^5;
  21          
  22          //定义指示灯控制管脚
  23          sbit LED_FWD=P3^0;
  24          sbit LED_REV=P3^1;
  25          sbit MOTOR1_EA=P3^2;
  26           
  27          //定义独立按键按键键值
  28          #define KEY_0_PRESS 0 //正转
  29          #define KEY_1_PRESS     1 //反转
  30          #define KEY_2_PRESS     2 //1plus
  31          #define KEY_3_PRESS     3 //10plus
  32          #define KEY_4_PRESS     4 //100plus
  33          #define KEY_5_PRESS     5 //急停
  34          #define KEY_UNPRESS     -1 
  35          
  36          //延时
  37          void delay_10us(unsigned int ten_us)
  38          {
  39   1              while(ten_us--);
  40   1      }
  41          
  42          //计时器0中断设定，用于脉冲频率控制
  43          void T0_set(bit T0)//T0==1开始工作，T0==0停止工作
  44          {
  45   1              TMOD |= 0X01;
  46   1              TH0 = 0XF2;
  47   1              TL0 = 0X54;
  48   1              TR0 = T0;
  49   1              ET0 = 1;
  50   1              EA = 1;
  51   1      }
  52          
  53          //计时器1中断设定，刷新LCD显示内容
  54          void T1_set(bit T1)//T1==1开始工作，T1==0停止工作
  55          {
C51 COMPILER V9.01   MAIN                                                                  03/02/2022 09:16:53 PAGE 2   

  56   1              TMOD |= 0X10;
  57   1              TH1 = 0X3C;
  58   1              TL1 = 0XB0;
  59   1              TR1 = T1;
  60   1              ET1 = 1;
  61   1              EA = 1;
  62   1      }
  63          
  64          //独立按键检测
  65          uchar key_scan(uchar mode)
  66          {
  67   1              static uchar key=1;
  68   1              if(mode)key=1;//连续扫描按键
  69   1              if(key==1&&(KEY_0==0||KEY_1==0||KEY_2==0||KEY_3==0||KEY_4==0||KEY_5==0))//任意按键按下
  70   1              {
  71   2                      delay_10us(5000);//消抖
  72   2                      key=0;
  73   2                      if(KEY_0==0)
  74   2                              return KEY_0_PRESS;
  75   2                      else if(KEY_1==0)
  76   2                              return KEY_1_PRESS;
  77   2                      else if(KEY_2==0)
  78   2                              return KEY_2_PRESS;
  79   2                      else if(KEY_3==0)
  80   2                              return KEY_3_PRESS;
  81   2                      else if(KEY_4==0)
  82   2                              return KEY_4_PRESS;
  83   2                      else if(KEY_5==0)
  84   2                              return KEY_5_PRESS;             
  85   2              }
  86   1              else if(KEY_0==1&&KEY_1==1&&KEY_2==1&&KEY_3==1&&KEY_4==1&&KEY_5==1) //无按键按下
  87   1              {
  88   2                      key=1;                  
  89   2              }
  90   1              return KEY_UNPRESS;             
  91   1      }
  92          
  93          //步进电机脉冲发射
  94          void step_motor_send_pulse(uchar step,uchar dir)
  95          {
  96   1              uchar temp=step;        
  97   1              if(dir==0)      //反转节拍调换
  98   1                      temp=3-step;
  99   1                      switch(temp)//4拍控制：A->B->C->D
 100   1                      {
 101   2                              case 0: IN1_A=1;IN1_B=0;IN1_C=0;IN1_D=0;break;
 102   2                              case 1: IN1_A=0;IN1_B=1;IN1_C=0;IN1_D=0;break;
 103   2                              case 2: IN1_A=0;IN1_B=0;IN1_C=1;IN1_D=0;break;
 104   2                              case 3: IN1_A=0;IN1_B=0;IN1_C=0;IN1_D=1;break;
 105   2                              default: IN1_A=0;IN1_B=0;IN1_C=0;IN1_D=0;break;
 106   2                      }                       
 107   1      }
 108          
 109          uchar step0=0;//初始步
 110          uchar dir;//初始旋转方向
 111          float milex=100.00;
 112          char milex_str[6];
 113          
 114          uint key_press_value,num_plus=0,set_num_plus=10;
 115          
 116          void int2str(float a)
 117          {
C51 COMPILER V9.01   MAIN                                                                  03/02/2022 09:16:53 PAGE 3   

 118   1              uint baiwei=((int)a)/100;
 119   1              uint shiwei=(((int)a)%100)/10;
 120   1              uint gewei=((int)a)%10;
 121   1              int b=a*100;
 122   1              uint shifengwei=(b%100)/10;
 123   1              uint baifengwei=b%10;
 124   1              char tra[10]={'0','1','2','3','4','5','6','7','8','9'};
 125   1              milex_str[0]=tra[baiwei];milex_str[1]=tra[shiwei];milex_str[2]=tra[gewei];milex_str[3]='.';milex_str[4]=t
             -ra[shifengwei];milex_str[5]=tra[baifengwei];
 126   1      }
 127          
 128          void main()
 129          {               
 130   1              MOTOR1_EA=0;
 131   1              lcd_init();//LCD初始化
 132   1              T1_set(1);
 133   1              while(1)
 134   1              {
 135   2                      key_press_value=key_scan(1);
 136   2                      if (key_press_value!=-1&&milex>=0&&milex<=200)
 137   2                      {
 138   3                              if (key_press_value==0)
 139   3                              {MOTOR1_EA=1;dir=1;LED_FWD=1;LED_REV=0;}
 140   3                              else if (key_press_value==1)
 141   3                              {MOTOR1_EA=1;dir=0;LED_FWD=0;LED_REV=1;}
 142   3                              else if (key_press_value==2)
 143   3                              {
 144   4                                      set_num_plus=1;
 145   4                                      T0_set(1);
 146   4                              }
 147   3                              else if (key_press_value==3)
 148   3                              {       
 149   4                                      set_num_plus=10;
 150   4                                      T0_set(1);
 151   4                              }
 152   3                              else if (key_press_value==4)
 153   3                              {
 154   4                                      set_num_plus=100;
 155   4                                      T0_set(1);
 156   4                              }
 157   3                              else if (key_press_value==5)
 158   3                              {
 159   4                                      MOTOR1_EA=0;
 160   4                              }                               
 161   3                      }                                                               
 162   2              }               
 163   1      }
 164          
 165          
 166          void bujujiao(void) interrupt 1
 167          {
 168   1              TH0 = 0XF2;
 169   1              TL0 = 0X54;
 170   1              (step0)%=4;step_motor_send_pulse((step0)++,dir);
 171   1              if(dir==0){if((milex+1.05)<=200.0){milex+=1.05;}}
 172   1              if(dir==1){if((milex-1.05)>=0.0){milex-=1.05;}}
 173   1              num_plus++;
 174   1              if(num_plus==set_num_plus){T0_set(0);num_plus=0;}
 175   1      
 176   1      }
 177          
 178          //LCD显示
C51 COMPILER V9.01   MAIN                                                                  03/02/2022 09:16:53 PAGE 4   

 179          void LCD_SHOW(void) interrupt 3
 180          {
 181   1              TH1 = 0X3C;
 182   1              TL1 = 0XB0;
 183   1              if(dir==1){lcd_show_string(0,0,"X+");}else if(dir==0){lcd_show_string(0,0,"X-");}
 184   1              int2str(milex);
 185   1              lcd_show_string(0,1,milex_str);
 186   1      }          


MODULE INFORMATION:   STATIC OVERLAYABLE
   CODE SIZE        =    923    ----
   CONSTANT SIZE    =     16    ----
   XDATA SIZE       =   ----    ----
   PDATA SIZE       =   ----    ----
   DATA SIZE        =     19      24
   IDATA SIZE       =   ----    ----
   BIT SIZE         =   ----       2
END OF MODULE INFORMATION.


C51 COMPILATION COMPLETE.  0 WARNING(S),  0 ERROR(S)
