C51 COMPILER V9.01   MAIN                                                                  03/13/2022 22:42:54 PAGE 1   


C51 COMPILER V9.01, COMPILATION OF MODULE MAIN
OBJECT MODULE PLACED IN main.OBJ
COMPILER INVOKED BY: E:\Keil\C51\BIN\C51.EXE main.c BROWSE DEBUG OBJECTEXTEND

line level    source

   1          #include "reg52.h"
   2          #include "delay.h"
   3          #include "interrupt_set.h"
   4          #include "PWM_OUT.h"
   5          #include "motor.h"
   6          
   7          sbit LSA=P2^2;
   8          sbit LSB=P2^3;
   9          sbit LSC=P2^4;
  10          
  11          sbit IRIN=P3^2;
  12          unsigned char IrValue[6];
  13          unsigned char Time;  
  14           
  15          unsigned char DisplayData[8];
  16          unsigned char code smgduan[17]={
  17          0x3f,0x06,0x5b,0x4f,0x66,0x6d,0x7d,0x07,
  18          0x7f,0x6f,0x77,0x7c,0x39,0x5e,0x79,0x71,0X76};
  19          
  20          
  21          void DigDisplay()
  22          {
  23   1              unsigned char i;
  24   1              for(i=0;i<3;i++)
  25   1              {
  26   2                      switch(i)        //位选，选择点亮的数码管，
  27   2                      {
  28   3                              case(0):
  29   3                                      LSA=0;LSB=0;LSC=0; break;//显示第0位
  30   3                              case(1):
  31   3                                      LSA=1;LSB=0;LSC=0; break;//显示第1位
  32   3                              case(2):
  33   3                                      LSA=0;LSB=1;LSC=0; break;//显示第2位    
  34   3                      }
  35   2                      P0=DisplayData[i];//发送数据
  36   2                      delay_10us(100); //间隔一段时间扫描     
  37   2                      P0=0x00;//消隐
  38   2              }               
  39   1      }
  40          
  41          void main()
  42          {
  43   1              INT0_set();
  44   1              IRIN=1;
  45   1              pwm_send();
*** WARNING C209 IN LINE 45 OF MAIN.C: '_pwm_send': too few actual parameters
  46   1              while(1)
  47   1              {
  48   2                      if (IrValue[2]==0X07)
  49   2                      {pwm_send(0);IrValue[2]=0X00;}
  50   2                      else if (IrValue[2]==0X15)
  51   2                      {pwm_send(1);IrValue[2]=0X00;}
  52   2                      else if (IrValue[2]==0X44)
  53   2                      {pwm_send(2);IrValue[2]=0X00;}
  54   2                      else if (IrValue[2]==0X40)
C51 COMPILER V9.01   MAIN                                                                  03/13/2022 22:42:54 PAGE 2   

  55   2                      {pwm_send(3);IrValue[2]=0X00;}
  56   2                      
  57   2                      else if (IrValue[2]==0X5A)
  58   2                      {motor_out(0);IrValue[2]=0X00;}
  59   2                      else if (IrValue[2]==0X08)
  60   2                      {motor_out(1);IrValue[2]=0X00;}
  61   2                      else if (IrValue[2]==0X18)
  62   2                      {motor_out(2);IrValue[2]=0X00;}
  63   2                      else if (IrValue[2]==0X1C)
  64   2                      {motor_out(3);IrValue[2]=0X00;}
  65   2      
  66   2      //              DisplayData[0] = smgduan[IrValue[2]/16];
  67   2      //              DisplayData[1] = smgduan[IrValue[2]%16];
  68   2      //              DisplayData[2] = smgduan[16];
  69   2      //          DigDisplay();       
  70   2              }
  71   1      }
  72          
  73          void ReadIr() interrupt 0
  74          {
  75   1              unsigned char j,k;
  76   1              unsigned int err;
  77   1              Time=0;                                  
  78   1              delay_10us(700);        //7ms
  79   1              if(IRIN==0)             //确认是否真的接收到正确的信号
  80   1              {        
  81   2                      
  82   2                      err=1000;                               //1000*10us=10ms,超过说明接收到错误的信号
  83   2                      /*当两个条件都为真是循环，如果有一个条件为假的时候跳出循环，免得程序出错的时
  84   2                      侯，程序死在这里*/      
  85   2                      while((IRIN==0)&&(err>0))       //等待前面9ms的低电平过去               
  86   2                      {                       
  87   3                              delay_10us(1);
  88   3                              err--;
  89   3                      } 
  90   2                      if(IRIN==1)                     //如果正确等到9ms低电平
  91   2                      {
  92   3                              err=500;
  93   3                              while((IRIN==1)&&(err>0))                //等待4.5ms的起始高电平过去
  94   3                              {
  95   4                                      delay_10us(1);
  96   4                                      err--;
  97   4                              }
  98   3                              for(k=0;k<4;k++)                //共有4组数据
  99   3                              {                               
 100   4                                      for(j=0;j<8;j++)        //接收一组数据
 101   4                                      {
 102   5      
 103   5                                              err=60;         
 104   5                                              while((IRIN==0)&&(err>0))//等待信号前面的560us低电平过去
 105   5                                              {
 106   6                                                      delay_10us(1);
 107   6                                                      err--;
 108   6                                              }
 109   5                                              err=500;
 110   5                                              while((IRIN==1)&&(err>0))        //计算高电平的时间长度。
 111   5                                              {
 112   6                                                      delay_10us(10);  //0.1ms
 113   6                                                      Time++;
 114   6                                                      err--;
 115   6                                                      if(Time>30)
 116   6                                                      {
C51 COMPILER V9.01   MAIN                                                                  03/13/2022 22:42:54 PAGE 3   

 117   7                                                              return;
 118   7                                                      }
 119   6                                              }
 120   5                                              IrValue[k]>>=1;  //k表示第几组数据
 121   5                                              if(Time>=8)                     //如果高电平出现大于565us，那么是1
 122   5                                              {
 123   6                                                      IrValue[k]|=0x80;
 124   6                                              }
 125   5                                              Time=0;         //用完时间要重新赋值                                                    
 126   5                                      }
 127   4                              }
 128   3                      }
 129   2                      if(IrValue[2]!=~IrValue[3])
 130   2                      {
 131   3                              return;
 132   3                      }
 133   2              }                       
 134   1      }


MODULE INFORMATION:   STATIC OVERLAYABLE
   CODE SIZE        =    457    ----
   CONSTANT SIZE    =     17    ----
   XDATA SIZE       =   ----    ----
   PDATA SIZE       =   ----    ----
   DATA SIZE        =     15       5
   IDATA SIZE       =   ----    ----
   BIT SIZE         =   ----    ----
END OF MODULE INFORMATION.


C51 COMPILATION COMPLETE.  1 WARNING(S),  0 ERROR(S)
