C51 COMPILER V9.01   MOTOR                                                                 03/13/2022 22:42:54 PAGE 1   


C51 COMPILER V9.01, COMPILATION OF MODULE MOTOR
OBJECT MODULE PLACED IN motor.OBJ
COMPILER INVOKED BY: E:\Keil\C51\BIN\C51.EXE motor.c BROWSE DEBUG OBJECTEXTEND

line level    source

   1          #include "reg52.h"
   2          #include "delay.h"
   3          
   4          sbit motor_INT1=P3^4;
   5          sbit motor_INT2=P3^5;
   6          sbit motor_INT3=P3^6;
   7          sbit motor_INT4=P3^7;
   8          
   9          void motor_out(unsigned char rec)
  10          {
  11   1              switch(rec)
  12   1              {
  13   2                      case 0:motor_INT1=1;motor_INT2=0;motor_INT3=0;motor_INT4=1;break;
  14   2                      case 1:motor_INT1=0;motor_INT2=1;motor_INT3=1;motor_INT4=0;break;
  15   2                      case 2:motor_INT1=1;motor_INT2=0;motor_INT3=1;motor_INT4=0;break;
  16   2                      case 3:motor_INT1=0;motor_INT2=1;motor_INT3=0;motor_INT4=1;break;
  17   2                      default:motor_INT1=0;motor_INT2=0;motor_INT3=0;motor_INT4=0;break;
  18   2              }
  19   1              delay_10us(100000);
  20   1              motor_INT1=0;motor_INT2=0;motor_INT3=0;motor_INT4=0;
  21   1      }


MODULE INFORMATION:   STATIC OVERLAYABLE
   CODE SIZE        =     70    ----
   CONSTANT SIZE    =   ----    ----
   XDATA SIZE       =   ----    ----
   PDATA SIZE       =   ----    ----
   DATA SIZE        =   ----    ----
   IDATA SIZE       =   ----    ----
   BIT SIZE         =   ----    ----
END OF MODULE INFORMATION.


C51 COMPILATION COMPLETE.  0 WARNING(S),  0 ERROR(S)
