C51 COMPILER V9.01   MAIN                                                                  03/02/2022 00:17:26 PAGE 1   


C51 COMPILER V9.01, COMPILATION OF MODULE MAIN
OBJECT MODULE PLACED IN main.OBJ
COMPILER INVOKED BY: E:\Keil\C51\BIN\C51.EXE main.c BROWSE DEBUG OBJECTEXTEND

line level    source

   1          #include "reg52.h"
   2          #include "lcd1602.h"
   3          #include "stdlib.h"
   4          
   5          typedef unsigned int uint;
   6          typedef unsigned char uchar;
   7          
   8          //定义L298控制步进电机管脚
   9          sbit IN1_A=P2^0;
  10          sbit IN1_B=P2^1;
  11          sbit IN1_C=P2^2;
  12          sbit IN1_D=P2^3;
  13          sbit IN2_A=P2^4;
  14          sbit IN2_B=P2^5;
  15          sbit IN2_C=P2^6;
  16          sbit IN2_D=P2^7;
  17          
  18          //定义独立按键控制脚
  19          sbit KEY_0=P1^0;
  20          sbit KEY_1=P1^1;
  21          sbit KEY_2=P1^2;
  22          sbit KEY_3=P1^3;
  23          sbit KEY_4=P1^4;
  24          sbit KEY_5=P1^5;
  25          
  26          //定义指示灯控制管脚
  27          sbit LED_FWD=P3^0;
  28          sbit LED_REV=P3^1;
  29          sbit MOTOR1_EA=P3^2;
  30          sbit MOTOR2_EA=P3^3;
  31           
  32          //定义独立按键按键键值
  33          #define KEY_0_PRESS 0 //正转
  34          #define KEY_1_PRESS     1 //反转
  35          #define KEY_2_PRESS     2 //加速
  36          #define KEY_3_PRESS     3 //减速
  37          #define KEY_4_PRESS     4 //启停
  38          #define KEY_5_PRESS     5 //换向
  39          #define KEY_UNPRESS     -1 
  40          
  41          //延时
  42          void delay_10us(unsigned int ten_us)
  43          {
  44   1              while(ten_us--);
  45   1      }
  46          
  47          //计时器0中断设定，用于脉冲频率控制
  48          void T0_set(bit T0)//T0==1开始工作，T0==0停止工作
  49          {
  50   1              TMOD |= 0X01;
  51   1              TH0 = 0XF2;
  52   1              TL0 = 0X54;
  53   1              TR0 = T0;
  54   1              ET0 = 1;
  55   1              EA = 1;
C51 COMPILER V9.01   MAIN                                                                  03/02/2022 00:17:26 PAGE 2   

  56   1      }
  57          
  58          //计时器1中断设定，刷新LCD显示内容
  59          void T1_set(bit T1)//T1==1开始工作，T1==0停止工作
  60          {
  61   1              TMOD |= 0X10;
  62   1              TH1 = 0X3C;
  63   1              TL1 = 0XB0;
  64   1              TR1 = T1;
  65   1              ET1 = 1;
  66   1              EA = 1;
  67   1      }
  68          
  69          //独立按键检测
  70          uchar key_scan(uchar mode)
  71          {
  72   1              static uchar key=1;
  73   1              if(mode)key=1;//连续扫描按键
  74   1              if(key==1&&(KEY_0==0||KEY_1==0||KEY_2==0||KEY_3==0||KEY_4==0||KEY_5==0))//任意按键按下
  75   1              {
  76   2                      delay_10us(5000);//消抖
  77   2                      key=0;
  78   2                      if(KEY_0==0)
  79   2                              return KEY_0_PRESS;
  80   2                      else if(KEY_1==0)
  81   2                              return KEY_1_PRESS;
  82   2                      else if(KEY_2==0)
  83   2                              return KEY_2_PRESS;
  84   2                      else if(KEY_3==0)
  85   2                              return KEY_3_PRESS;
  86   2                      else if(KEY_4==0)
  87   2                              return KEY_4_PRESS;
  88   2                      else if(KEY_5==0)
  89   2                              return KEY_5_PRESS;             
  90   2              }
  91   1              else if(KEY_0==1&&KEY_1==1&&KEY_2==1&&KEY_3==1&&KEY_4==1&&KEY_5==1) //无按键按下
  92   1              {
  93   2                      key=1;                  
  94   2              }
  95   1              return KEY_UNPRESS;             
  96   1      }
  97          
  98          //步进电机脉冲发射
  99          void step_motor_send_pulse(uchar step,uchar dir,uchar mode)
 100          {
 101   1              uchar temp=step;        
 102   1              if(dir==0)      //反转节拍调换
 103   1                      temp=3-step;
 104   1              if (mode==0)
 105   1              {       
 106   2                      switch(temp)//4拍控制：A->B->C->D
 107   2                      {
 108   3                              case 0: IN1_A=1;IN1_B=0;IN1_C=0;IN1_D=0;break;
 109   3                              case 1: IN1_A=0;IN1_B=1;IN1_C=0;IN1_D=0;break;
 110   3                              case 2: IN1_A=0;IN1_B=0;IN1_C=1;IN1_D=0;break;
 111   3                              case 3: IN1_A=0;IN1_B=0;IN1_C=0;IN1_D=1;break;
 112   3                              default: IN1_A=0;IN1_B=0;IN1_C=0;IN1_D=0;break;
 113   3                      }
 114   2              }
 115   1              else if (mode==1)
 116   1              {       
 117   2                      switch(temp)//4拍控制：A->B->C->D
C51 COMPILER V9.01   MAIN                                                                  03/02/2022 00:17:26 PAGE 3   

 118   2                      {
 119   3                              case 0: IN2_A=1;IN2_B=0;IN2_C=0;IN2_D=0;break;
 120   3                              case 1: IN2_A=0;IN2_B=1;IN2_C=0;IN2_D=0;break;
 121   3                              case 2: IN2_A=0;IN2_B=0;IN2_C=1;IN2_D=0;break;
 122   3                              case 3: IN2_A=0;IN2_B=0;IN2_C=0;IN2_D=1;break;
 123   3                              default: IN2_A=0;IN2_B=0;IN2_C=0;IN2_D=0;break; 
 124   3                      }
 125   2              }                       
 126   1      }
 127          
 128          uchar step0=0;//初始步
 129          uchar step1=0;//初始步
 130          uchar dir;//初始旋转方向
 131          uchar mode=0;//初始移动方向
 132          float milex=100.00;
 133          float miley=100.00;
 134          char milex_str[6],miley_str[6];
 135          
 136          uint key_press_value,num_plus=0,set_num_plus=10;
 137          
 138          void int2str(float a)
 139          {
 140   1              uint baiwei=((int)a)/100;
 141   1              uint shiwei=(((int)a)%100)/10;
 142   1              uint gewei=((int)a)%10;
 143   1              int b=a*100;
 144   1              uint shifengwei=(b%100)/10;
 145   1              uint baifengwei=b%10;
 146   1              char tra[10]={'0','1','2','3','4','5','6','7','8','9'};
 147   1              if(mode==0)
 148   1              {milex_str[0]=tra[baiwei];milex_str[1]=tra[shiwei];milex_str[2]=tra[gewei];milex_str[3]='.';milex_str[4]=
             -tra[shifengwei];milex_str[5]=tra[baifengwei];}
 149   1              if(mode==1)
 150   1              {miley_str[0]=tra[baiwei];miley_str[1]=tra[shiwei];miley_str[2]=tra[gewei];miley_str[3]='.';miley_str[4]=
             -tra[shifengwei];miley_str[5]=tra[baifengwei];}
 151   1      }
 152          
 153          void main()
 154          {               
 155   1              MOTOR1_EA=0;
 156   1              MOTOR2_EA=0;
 157   1              lcd_init();//LCD初始化
 158   1              T1_set(1);
 159   1              while(1)
 160   1              {
 161   2                      key_press_value=key_scan(1);
 162   2                      if (key_press_value!=-1&&milex>=0&&milex<=200&&miley>=0&&miley<=200)
 163   2                      {
 164   3                              if (key_press_value==0)
 165   3                              {MOTOR1_EA=1;MOTOR2_EA=1;dir=1;LED_FWD=1;LED_REV=0;}
 166   3                              else if (key_press_value==1)
 167   3                              {MOTOR1_EA=1;MOTOR2_EA=1;dir=0;LED_FWD=0;LED_REV=1;}
 168   3                              else if (key_press_value==2)
 169   3                              {
 170   4                                      set_num_plus=1;
 171   4                                      T0_set(1);
 172   4                              }
 173   3                              else if (key_press_value==3)
 174   3                              {       
 175   4                                      set_num_plus=10;
 176   4                                      T0_set(1);
 177   4                              }
C51 COMPILER V9.01   MAIN                                                                  03/02/2022 00:17:26 PAGE 4   

 178   3                              else if (key_press_value==4)
 179   3                              {
 180   4                                      set_num_plus=100;
 181   4                                      T0_set(1);
 182   4                              }
 183   3                              else if (key_press_value==5)
 184   3                              {
 185   4                                      mode=!mode;
 186   4                              }                               
 187   3                      }                                                               
 188   2              }               
 189   1      }
 190          
 191          //
 192          void bujujiao(void) interrupt 1
 193          {
 194   1              TH0 = 0XF2;
 195   1              TL0 = 0X54;
 196   1              if(mode==0)
 197   1              {
 198   2                      (step0)%=4;step_motor_send_pulse((step0)++,dir,0);
 199   2                      if(dir==0){milex+=1.05;}
 200   2                      if(dir==1){milex-=1.05;}
 201   2              }
 202   1              else if(mode==1)
 203   1              {
 204   2                      (step1)%=4;step_motor_send_pulse((step1)++,dir,1);
 205   2                      if(dir==0){miley+=1.05;}
 206   2                      if(dir==1){miley-=1.05;}
 207   2              }
 208   1              num_plus++;
 209   1              if(num_plus==set_num_plus){T0_set(0);num_plus=0;}
 210   1      
 211   1      }
 212          
 213          //LCD显示
 214          void LCD_SHOW(void) interrupt 3
 215          {
 216   1              TH1 = 0X3C;
 217   1              TL1 = 0XB0;
 218   1              if(mode==0)
 219   1              {if(dir==0){lcd_show_string(0,0,"X+");}else if(dir==1){lcd_show_string(0,0,"X-");}}
 220   1              else if(mode==1)
 221   1              {if(dir==0){lcd_show_string(0,0,"Y+");}else if(dir==1){lcd_show_string(0,0,"Y-");}}
 222   1              int2str(milex);
 223   1              lcd_show_string(0,1,milex_str);
 224   1      }          


MODULE INFORMATION:   STATIC OVERLAYABLE
   CODE SIZE        =   1157    ----
   CONSTANT SIZE    =     22    ----
   XDATA SIZE       =   ----    ----
   PDATA SIZE       =   ----    ----
   DATA SIZE        =     31      24
   IDATA SIZE       =   ----    ----
   BIT SIZE         =   ----       2
END OF MODULE INFORMATION.


C51 COMPILATION COMPLETE.  0 WARNING(S),  0 ERROR(S)
