C51 COMPILER V9.01   MAIN                                                                  02/24/2022 12:21:03 PAGE 1   


C51 COMPILER V9.01, COMPILATION OF MODULE MAIN
OBJECT MODULE PLACED IN main.OBJ
COMPILER INVOKED BY: E:\Keil\C51\BIN\C51.EXE main.c BROWSE DEBUG OBJECTEXTEND

line level    source

   1          #include "reg52.h"
   2          
   3          typedef unsigned int uint;
   4          typedef unsigned char uchar;
   5          
   6          //定义ULN2003控制步进电机管脚
   7          sbit IN1_A=P2^4;
   8          sbit IN2_B=P2^5;
   9          sbit IN3_C=P2^6;
  10          sbit IN4_D=P2^7;
  11          
  12          //定义独立按键控制脚
  13          sbit KEY_0=P1^0;
  14          sbit KEY_1=P1^1;
  15          sbit KEY_2=P1^2;
  16          sbit KEY_3=P1^3;
  17          sbit KEY_4=P1^4;
  18          
  19          //定义指示灯控制管脚
  20          sbit LED_FWD=P3^0;
  21          sbit LED_REV=P3^1;
  22          
  23          //定义独立按键按键键值
  24          #define KEY_0_PRESS 0 //正转
  25          #define KEY_1_PRESS     1 //反转
  26          #define KEY_2_PRESS     2 //加速
  27          #define KEY_3_PRESS     3 //减速
  28          #define KEY_4_PRESS     4 //启停
  29          #define KEY_UNPRESS     -1 
  30          
  31          //定义步进电机速度，值越小，速度越快
  32          #define STEPMOTOR_MAXSPEED 1  
  33          #define STEPMOTOR_MINSPEED 5
  34          //电机使能
  35          bit motor_EA = 1;       
  36          
  37          void delay_10us(uint ten_us)
  38          {
  39   1              while(ten_us--);        
  40   1      }
  41          
  42          void delay_ms(uint ms)
  43          {
  44   1              uint i,j;
  45   1              for(i=ms;i>0;i--)
  46   1                      for(j=110;j>0;j--);
  47   1      }
  48          
  49          void step_motor_send_pulse(uchar step,uchar dir)
  50          {
  51   1              uchar temp=step;
  52   1              
  53   1              if(dir==0)      //反转节拍调换
  54   1                      temp=7-step;
  55   1              switch(temp)//8拍控制：A->AB->B->BC->C->CD->D->DA
C51 COMPILER V9.01   MAIN                                                                  02/24/2022 12:21:03 PAGE 2   

  56   1              {
  57   2                      case 0: IN1_A=1;IN2_B=0;IN3_C=0;IN4_D=0;break;
  58   2                      case 1: IN1_A=1;IN2_B=1;IN3_C=0;IN4_D=0;break;
  59   2                      case 2: IN1_A=0;IN2_B=1;IN3_C=0;IN4_D=0;break;
  60   2                      case 3: IN1_A=0;IN2_B=1;IN3_C=1;IN4_D=0;break;
  61   2                      case 4: IN1_A=0;IN2_B=0;IN3_C=1;IN4_D=0;break;
  62   2                      case 5: IN1_A=0;IN2_B=0;IN3_C=1;IN4_D=1;break;
  63   2                      case 6: IN1_A=0;IN2_B=0;IN3_C=0;IN4_D=1;break;
  64   2                      case 7: IN1_A=1;IN2_B=0;IN3_C=0;IN4_D=1;break;
  65   2                      default: IN1_A=0;IN2_B=0;IN3_C=0;IN4_D=0;break;//停止相序       
  66   2              }                       
  67   1      }
  68          
  69          uchar key_scan(uchar mode)
  70          {
  71   1              static uchar key=1;
  72   1      
  73   1              if(mode)key=1;//连续扫描按键
  74   1              if(key==1&&(KEY_0==0||KEY_1==0||KEY_2==0||KEY_3==0||KEY_4==0))//任意按键按下
  75   1              {
  76   2                      delay_10us(1000);//消抖
  77   2                      key=0;
  78   2                      if(KEY_0==0)
  79   2                              return KEY_0_PRESS;
  80   2                      else if(KEY_1==0)
  81   2                              return KEY_1_PRESS;
  82   2                      else if(KEY_2==0)
  83   2                              return KEY_2_PRESS;
  84   2                      else if(KEY_3==0)
  85   2                              return KEY_3_PRESS;
  86   2                      else if(KEY_4==0)
  87   2                              return KEY_4_PRESS;     
  88   2              }
  89   1              else if(KEY_0==1&&KEY_1==1&&KEY_2==1&&KEY_3==1&&KEY_4==1) //无按键按下
  90   1              {
  91   2                      key=1;                  
  92   2              }
  93   1              return KEY_UNPRESS;             
  94   1      }
  95          
  96          void main()
  97          {       
  98   1              uchar key=0;
  99   1              uchar dir=0;//默认逆时针方向
 100   1              uchar speed=STEPMOTOR_MAXSPEED;//默认最大速度旋转
 101   1              uchar step=0;
 102   1              LED_FWD=0;
 103   1              LED_REV=1;
 104   1              step_motor_send_pulse(step,dir);
 105   1      
 106   1              while(1)
 107   1              {                       
 108   2                      key=key_scan(0);
 109   2                      if (key!=-1)
 110   2                      {
 111   3                              if(key==KEY_0_PRESS)//正转
 112   3                              {
 113   4                                      dir=0;
 114   4                                      LED_FWD=0;
 115   4                                      LED_REV=1;    
 116   4                              }
 117   3                              else if(key==KEY_1_PRESS)//反转
C51 COMPILER V9.01   MAIN                                                                  02/24/2022 12:21:03 PAGE 3   

 118   3                              {
 119   4                                      dir=1;
 120   4                                      LED_FWD=1;
 121   4                                      LED_REV=0;
 122   4                              }
 123   3                              else if(key==KEY_2_PRESS)//加速
 124   3                              {
 125   4                                      if(speed>STEPMOTOR_MAXSPEED)
 126   4                                      {
 127   5                                      speed-=1;
 128   5                                      }                       
 129   4                              }
 130   3                              else if(key==KEY_3_PRESS)//减速
 131   3                              {
 132   4                                      if(speed<STEPMOTOR_MINSPEED)
 133   4                                      {
 134   5                                      speed+=1;
 135   5                                      }                       
 136   4                              }
 137   3                              else if(key==KEY_4_PRESS)//启停
 138   3                              {
 139   4                                      motor_EA=!motor_EA;     
 140   4                              }
 141   3                      }
 142   2                      if (motor_EA)
 143   2                      {
 144   3                              step_motor_send_pulse(step++,dir);
 145   3                              if(step==8)step=0;              
 146   3                              delay_ms(speed);
 147   3                      }
 148   2                      else
 149   2                      {
 150   3                              step_motor_send_pulse(-1,dir);  
 151   3                      }                                               
 152   2              }               
 153   1      }


MODULE INFORMATION:   STATIC OVERLAYABLE
   CODE SIZE        =    351    ----
   CONSTANT SIZE    =   ----    ----
   XDATA SIZE       =   ----    ----
   PDATA SIZE       =   ----    ----
   DATA SIZE        =      1       1
   IDATA SIZE       =   ----    ----
   BIT SIZE         =      1    ----
END OF MODULE INFORMATION.


C51 COMPILATION COMPLETE.  0 WARNING(S),  0 ERROR(S)
