C51 COMPILER V9.60.7.0   BUZZER                                                            08/12/2025 23:20:37 PAGE 1   


C51 COMPILER V9.60.7.0, COMPILATION OF MODULE BUZZER
OBJECT MODULE PLACED IN .\Objects\buzzer.obj
COMPILER INVOKED BY: E:\KeilC51\C51\BIN\C51.EXE buzzer.c OPTIMIZE(8,SPEED) BROWSE DEBUG OBJECTEXTEND PRINT(.\Listings\bu
                    -zzer.lst) OBJECT(.\Objects\buzzer.obj)

line level    source

   1          #include "reg52.h"
   2          #define LED_PORT P2
   3          typedef unsigned int u16;
   4          typedef unsigned char u8;
   5          
   6          sbit buzzer = P2^5;
   7          
   8          void delay_10us(u16 ten_us)
   9          {
  10   1              while(ten_us--);
  11   1      }
  12          
  13          void main()
  14          {
  15   1              u16 i = 2000;
  16   1              while(1)
  17   1              {
  18   2                      while(i--)
  19   2                      {
  20   3                              buzzer = !buzzer;
  21   3                              delay_10us(100);
  22   3                      }
  23   2                      i = 0;
  24   2                      buzzer = 0;
  25   2              }
  26   1      }


MODULE INFORMATION:   STATIC OVERLAYABLE
   CODE SIZE        =     43    ----
   CONSTANT SIZE    =   ----    ----
   XDATA SIZE       =   ----    ----
   PDATA SIZE       =   ----    ----
   DATA SIZE        =   ----    ----
   IDATA SIZE       =   ----    ----
   BIT SIZE         =   ----    ----
END OF MODULE INFORMATION.


C51 COMPILATION COMPLETE.  0 WARNING(S),  0 ERROR(S)
