C51 COMPILER V9.60.7.0   MAIN                                                              08/12/2025 23:20:37 PAGE 1   


C51 COMPILER V9.60.7.0, COMPILATION OF MODULE MAIN
OBJECT MODULE PLACED IN .\Objects\main.obj
COMPILER INVOKED BY: E:\KeilC51\C51\BIN\C51.EXE main.c OPTIMIZE(8,SPEED) BROWSE DEBUG OBJECTEXTEND PRINT(.\Listings\main
                    -.lst) OBJECT(.\Objects\main.obj)

line level    source

   1          #include "reg52.h"
   2          #define LED_PORT P2
   3          typedef unsigned int u16;
   4          typedef unsigned char u8;
   5          
   6          sbit LED1 = P0^0;
   7          
   8          void delay_10us(u16 ten_us)
   9          {
  10   1              while(ten_us--);
  11   1      }
  12          
  13          
  14          void blink()
  15          {
  16   1              u16 delay_time = 10000;
  17   1              while(1)
  18   1              {       
  19   2                      LED1 = 1;
  20   2                      delay_10us(delay_time);
  21   2                      LED1 = 0;
  22   2                      delay_10us(delay_time);
  23   2              }
  24   1      }
  25          
  26          void horse_race_lamp()
  27          {
  28   1              u8 i;
  29   1              while(1)
  30   1              {
  31   2                      for(i=0;i<8;i++)
  32   2                      {
  33   3                              LED_PORT = 0x01<<i;
  34   3                              delay_10us(10000);
  35   3                      }
  36   2                      for(i=0;i<8;i++)
  37   2                      {
  38   3                              LED_PORT = 0x80>>i;
  39   3                              delay_10us(10000);
  40   3                      }
  41   2      
  42   2              }
  43   1      }
  44          
  45          void main()
  46          {
  47   1              //blink();
  48   1              horse_race_lamp();
  49   1      }


MODULE INFORMATION:   STATIC OVERLAYABLE
   CODE SIZE        =     89    ----
   CONSTANT SIZE    =   ----    ----
C51 COMPILER V9.60.7.0   MAIN                                                              08/12/2025 23:20:37 PAGE 2   

   XDATA SIZE       =   ----    ----
   PDATA SIZE       =   ----    ----
   DATA SIZE        =   ----    ----
   IDATA SIZE       =   ----    ----
   BIT SIZE         =   ----    ----
END OF MODULE INFORMATION.


C51 COMPILATION COMPLETE.  0 WARNING(S),  0 ERROR(S)
